<?xml version="1.0" encoding="utf-8"?><testsuites name="pytest tests"><testsuite name="pytest" errors="0" failures="0" skipped="0" tests="54" time="2.057" timestamp="2026-02-20T18:45:22.333890+08:00" hostname="DESKTOP-4SG1ESS"><testcase classname="tests.test_ai" name="test_build_card_prompt_contains_separator" time="0.001" /><testcase classname="tests.test_ai" name="test_build_card_prompt_contains_word_list" time="0.001" /><testcase classname="tests.test_ai" name="test_build_card_prompt_fixed_template_has_field_constraints" time="0.001" /><testcase classname="tests.test_ai" name="test_build_card_prompt_batch_limit_constraint" time="0.001" /><testcase classname="tests.test_ai" name="test_build_card_prompt_no_etymology" time="0.001" /><testcase classname="tests.test_ai" name="test_build_card_prompt_chinese_only_minimalist" time="0.001" /><testcase classname="tests.test_ai" name="test_build_card_prompt_empty_words" time="0.001" /><testcase classname="tests.test_anki_parse" name="test_parse_anki_data_empty" time="0.001" /><testcase classname="tests.test_anki_parse" name="test_parse_anki_data_single_line" time="0.001" /><testcase classname="tests.test_anki_parse" name="test_parse_anki_data_two_fields" time="0.001" /><testcase classname="tests.test_anki_parse" name="test_parse_anki_data_code_block" time="0.001" /><testcase classname="tests.test_anki_parse" name="test_parse_anki_data_deduplicates" time="0.001" /><testcase classname="tests.test_anki_parse" name="test_parse_anki_data_skips_invalid" time="0.001" /><testcase classname="tests.test_anki_parse" name="test_parse_anki_data_block_format_multiline" time="0.001" /><testcase classname="tests.test_anki_parse" name="test_parse_anki_data_cloze_c1_format" time="0.001" /><testcase classname="tests.test_anki_parse" name="test_parse_anki_data_card_shape" time="0.001" /><testcase classname="tests.test_core_logic.TestLoadVocabData" name="test_returns_two_tuple" time="0.029" /><testcase classname="tests.test_core_logic.TestLoadVocabData" name="test_first_element_is_dict" time="0.035" /><testcase classname="tests.test_core_logic.TestLoadVocabData" name="test_second_element_is_df_or_none" time="0.030" /><testcase classname="tests.test_core_logic.TestLoadVocabData" name="test_no_csv_returns_empty" time="0.001" /><testcase classname="tests.test_core_logic.TestLoadVocabData" name="test_parses_word_and_rank_columns" time="0.003" /><testcase classname="tests.test_core_logic.TestLoadVocabData" name="test_result_is_cached" time="0.001" /><testcase classname="tests.test_core_logic.TestLoadVocabData" name="test_csv_read_error_returns_empty" time="0.001" /><testcase classname="tests.test_core_logic.TestLoadVocabData" name="test_duplicate_words_kept_lowest_rank" time="0.004" /><testcase classname="tests.test_core_logic.TestGetVocabDict" name="test_returns_same_object_as_load_vocab_data" time="0.001" /><testcase classname="tests.test_core_logic.TestGetVocabDict" name="test_returns_dict_type" time="0.001" /><testcase classname="tests.test_core_logic.TestGetRankForWord" name="test_exact_match" time="0.001" /><testcase classname="tests.test_core_logic.TestGetRankForWord" name="test_exact_case_takes_priority_over_lowercase" time="0.001" /><testcase classname="tests.test_core_logic.TestGetRankForWord" name="test_lowercase_fallback" time="0.001" /><testcase classname="tests.test_core_logic.TestGetRankForWord" name="test_unknown_word_returns_99999" time="0.001" /><testcase classname="tests.test_core_logic.TestGetRankForWord" name="test_empty_string_returns_99999" time="0.001" /><testcase classname="tests.test_core_logic.TestGetRankForWord" name="test_whitespace_is_stripped" time="0.001" /><testcase classname="tests.test_core_logic.TestGetRankForWord" name="test_none_like_empty_input" time="0.001" /><testcase classname="tests.test_core_logic.TestGetOpenAIClient" name="test_returns_none_when_openai_not_installed" time="0.001" /><testcase classname="tests.test_core_logic.TestGetOpenAIClient" name="test_returns_none_when_api_key_empty" time="0.001" /><testcase classname="tests.test_core_logic.TestGetOpenAIClient" name="test_returns_client_when_configured" time="0.001" /><testcase classname="tests.test_core_logic.TestGetOpenAIClient" name="test_client_is_cached_on_second_call" time="0.001" /><testcase classname="tests.test_core_logic.TestGetOpenAIClient" name="test_importable_without_streamlit" time="0.001" /><testcase classname="tests.test_core_logic.TestGetOpenAIClient" name="test_resources_importable_without_streamlit" time="0.001" /><testcase classname="tests.test_extraction" name="test_clean_anki_field_plain" time="0.001" /><testcase classname="tests.test_extraction" name="test_clean_anki_field_cloze" time="0.001" /><testcase classname="tests.test_extraction" name="test_clean_anki_field_html" time="0.001" /><testcase classname="tests.test_extraction" name="test_clean_anki_field_sound" time="0.001" /><testcase classname="tests.test_extraction" name="test_clean_anki_field_unescape" time="0.001" /><testcase classname="tests.test_extraction" name="test_parse_anki_txt_export_simple_tsv" time="0.001" /><testcase classname="tests.test_extraction" name="test_parse_anki_txt_export_skips_short" time="0.001" /><testcase classname="tests.test_extraction" name="test_parse_anki_txt_export_skips_comments" time="0.001" /><testcase classname="tests.test_vocab" name="test_is_valid_word_length" time="0.001" /><testcase classname="tests.test_vocab" name="test_is_valid_word_vowel" time="0.001" /><testcase classname="tests.test_vocab" name="test_is_valid_word_repeated" time="0.001" /><testcase classname="tests.test_vocab" name="test_is_valid_word_acceptable" time="0.001" /><testcase classname="tests.test_vocab" name="test_analyze_logic_uses_vocab_rank" time="0.001" /><testcase classname="tests.test_vocab" name="test_analyze_logic_returns_stats" time="0.001" /><testcase classname="tests.test_vocab" name="test_analyze_logic_sort_by_rank" time="0.001" /></testsuite></testsuites>