<?xml version="1.0" encoding="utf-8"?><testsuites name="pytest tests"><testsuite name="pytest" errors="0" failures="0" skipped="0" tests="27" time="1.881" timestamp="2026-02-18T20:28:33.989198+08:00" hostname="DESKTOP-4SG1ESS"><testcase classname="tests.test_ai" name="test_build_card_prompt_contains_separator" time="0.001" /><testcase classname="tests.test_ai" name="test_build_card_prompt_contains_word_list" time="0.001" /><testcase classname="tests.test_ai" name="test_build_card_prompt_default_format_word_cn" time="0.000" /><testcase classname="tests.test_ai" name="test_build_card_prompt_phrase_format" time="0.001" /><testcase classname="tests.test_ai" name="test_build_card_prompt_empty_words" time="0.000" /><testcase classname="tests.test_anki_parse" name="test_parse_anki_data_empty" time="0.001" /><testcase classname="tests.test_anki_parse" name="test_parse_anki_data_single_line" time="0.001" /><testcase classname="tests.test_anki_parse" name="test_parse_anki_data_two_fields" time="0.001" /><testcase classname="tests.test_anki_parse" name="test_parse_anki_data_code_block" time="0.000" /><testcase classname="tests.test_anki_parse" name="test_parse_anki_data_deduplicates" time="0.000" /><testcase classname="tests.test_anki_parse" name="test_parse_anki_data_skips_invalid" time="0.000" /><testcase classname="tests.test_anki_parse" name="test_parse_anki_data_card_shape" time="0.000" /><testcase classname="tests.test_extraction" name="test_clean_anki_field_plain" time="0.001" /><testcase classname="tests.test_extraction" name="test_clean_anki_field_cloze" time="0.000" /><testcase classname="tests.test_extraction" name="test_clean_anki_field_html" time="0.000" /><testcase classname="tests.test_extraction" name="test_clean_anki_field_sound" time="0.000" /><testcase classname="tests.test_extraction" name="test_clean_anki_field_unescape" time="0.000" /><testcase classname="tests.test_extraction" name="test_parse_anki_txt_export_simple_tsv" time="0.001" /><testcase classname="tests.test_extraction" name="test_parse_anki_txt_export_skips_short" time="0.001" /><testcase classname="tests.test_extraction" name="test_parse_anki_txt_export_skips_comments" time="0.001" /><testcase classname="tests.test_vocab" name="test_is_valid_word_length" time="0.001" /><testcase classname="tests.test_vocab" name="test_is_valid_word_vowel" time="0.001" /><testcase classname="tests.test_vocab" name="test_is_valid_word_repeated" time="0.001" /><testcase classname="tests.test_vocab" name="test_is_valid_word_acceptable" time="0.001" /><testcase classname="tests.test_vocab" name="test_analyze_logic_uses_vocab_rank" time="0.027" /><testcase classname="tests.test_vocab" name="test_analyze_logic_returns_stats" time="0.001" /><testcase classname="tests.test_vocab" name="test_analyze_logic_sort_by_rank" time="0.001" /></testsuite></testsuites>